<?xml version="1.0" encoding="UTF-8"?>
<!-- Generated by org.testng.reporters.JUnitReportReporter -->
<testsuite skipped="0" hostname="CBT-MH-000" name="Automation.php.Testcase1" tests="1" failures="0" timestamp="11 Oct 2019 09:39:39 GMT" time="12.589" errors="1">
  <testcase name="userRegistration" time="12.589" classname="Automation.php.Testcase1">
    <error type="org.openqa.selenium.SessionNotCreatedException" message="session not created
from disconnected: received Inspector.detached event
  (Session info: chrome=77.0.3865.90)
Build info: version: &#039;3.141.59&#039;, revision: &#039;e82be7d358&#039;, time: &#039;2018-11-14T08:25:48&#039;
System info: host: &#039;CBT-MH-000&#039;, ip: &#039;192.168.0.123&#039;, os.name: &#039;Windows 8.1&#039;, os.arch: &#039;amd64&#039;, os.version: &#039;6.3&#039;, java.version: &#039;1.8.0_121&#039;
Driver info: driver.version: ChromeDriver
remote stacktrace: Backtrace:
	Ordinal0 [0x013F7C53+1473619]
	Ordinal0 [0x0137AD71+961905]
	Ordinal0 [0x013042B3+475827]
	Ordinal0 [0x012FCAA9+445097]
	Ordinal0 [0x012FC698+444056]
	Ordinal0 [0x012FC411+443409]
	Ordinal0 [0x012FBA5C+440924]
	Ordinal0 [0x012FB5F4+439796]
	Ordinal0 [0x012FB5B5+439733]
	Ordinal0 [0x012FFCB9+457913]
	Ordinal0 [0x012FB56C+439660]
	Ordinal0 [0x012FC0C5+442565]
	Ordinal0 [0x012FBA5C+440924]
	Ordinal0 [0x012FB5F4+439796]
	Ordinal0 [0x012FB5B5+439733]
	Ordinal0 [0x012FF457+455767]
	Ordinal0 [0x012FB56C+439660]
	Ordinal0 [0x012FC0C5+442565]
	Ordinal0 [0x012FBA5C+440924]
	Ordinal0 [0x012FB5F4+439796]
	Ordinal0 [0x012FB5B5+439733]
	Ordinal0 [0x012F824C+426572]
	Ordinal0 [0x012FB56C+439660]
	Ordinal0 [0x012FB454+439380]
	Ordinal0 [0x01304F10+478992]
	Ordinal0 [0x012B98FE+170238]
	Ordinal0 [0x012B8D1D+167197]
	Ordinal0 [0x012B742B+160811]
	Ordinal0 [0x012A0AE6+68326]
	Ordinal0 [0x012A1BF0+72688]
	Ordinal0 [0x012A1B89+72585]
	Ordinal0 [0x01394B37+1067831]
	GetHandleVerifier [0x01496845+506677]
	GetHandleVerifier [0x014965E0+506064]
	GetHandleVerifier [0x0149D188+533624]
	GetHandleVerifier [0x0149701A+508682]
	Ordinal0 [0x0138C226+1032742]
	Ordinal0 [0x0138C09F+1032351]
	Ordinal0 [0x01396A4B+1075787]
	Ordinal0 [0x01396BB3+1076147]
	Ordinal0 [0x01395B65+1071973]
	BaseThreadInitThunk [0x75187C04+36]
	RtlInitializeExceptionChain [0x7750B90F+143]
	RtlInitializeExceptionChain [0x7750B8DA+90]
">
      <![CDATA[org.openqa.selenium.SessionNotCreatedException: session not created
from disconnected: received Inspector.detached event
  (Session info: chrome=77.0.3865.90)
Build info: version: '3.141.59', revision: 'e82be7d358', time: '2018-11-14T08:25:48'
System info: host: 'CBT-MH-000', ip: '192.168.0.123', os.name: 'Windows 8.1', os.arch: 'amd64', os.version: '6.3', java.version: '1.8.0_121'
Driver info: driver.version: ChromeDriver
remote stacktrace: Backtrace:
	Ordinal0 [0x013F7C53+1473619]
	Ordinal0 [0x0137AD71+961905]
	Ordinal0 [0x013042B3+475827]
	Ordinal0 [0x012FCAA9+445097]
	Ordinal0 [0x012FC698+444056]
	Ordinal0 [0x012FC411+443409]
	Ordinal0 [0x012FBA5C+440924]
	Ordinal0 [0x012FB5F4+439796]
	Ordinal0 [0x012FB5B5+439733]
	Ordinal0 [0x012FFCB9+457913]
	Ordinal0 [0x012FB56C+439660]
	Ordinal0 [0x012FC0C5+442565]
	Ordinal0 [0x012FBA5C+440924]
	Ordinal0 [0x012FB5F4+439796]
	Ordinal0 [0x012FB5B5+439733]
	Ordinal0 [0x012FF457+455767]
	Ordinal0 [0x012FB56C+439660]
	Ordinal0 [0x012FC0C5+442565]
	Ordinal0 [0x012FBA5C+440924]
	Ordinal0 [0x012FB5F4+439796]
	Ordinal0 [0x012FB5B5+439733]
	Ordinal0 [0x012F824C+426572]
	Ordinal0 [0x012FB56C+439660]
	Ordinal0 [0x012FB454+439380]
	Ordinal0 [0x01304F10+478992]
	Ordinal0 [0x012B98FE+170238]
	Ordinal0 [0x012B8D1D+167197]
	Ordinal0 [0x012B742B+160811]
	Ordinal0 [0x012A0AE6+68326]
	Ordinal0 [0x012A1BF0+72688]
	Ordinal0 [0x012A1B89+72585]
	Ordinal0 [0x01394B37+1067831]
	GetHandleVerifier [0x01496845+506677]
	GetHandleVerifier [0x014965E0+506064]
	GetHandleVerifier [0x0149D188+533624]
	GetHandleVerifier [0x0149701A+508682]
	Ordinal0 [0x0138C226+1032742]
	Ordinal0 [0x0138C09F+1032351]
	Ordinal0 [0x01396A4B+1075787]
	Ordinal0 [0x01396BB3+1076147]
	Ordinal0 [0x01395B65+1071973]
	BaseThreadInitThunk [0x75187C04+36]
	RtlInitializeExceptionChain [0x7750B90F+143]
	RtlInitializeExceptionChain [0x7750B8DA+90]

	at sun.reflect.NativeConstructorAccessorImpl.newInstance0(Native Method)
	at sun.reflect.NativeConstructorAccessorImpl.newInstance(Unknown Source)
	at sun.reflect.DelegatingConstructorAccessorImpl.newInstance(Unknown Source)
	at java.lang.reflect.Constructor.newInstance(Unknown Source)
	at org.openqa.selenium.remote.W3CHandshakeResponse.lambda$errorHandler$0(W3CHandshakeResponse.java:62)
	at org.openqa.selenium.remote.HandshakeResponse.lambda$getResponseFunction$0(HandshakeResponse.java:30)
	at org.openqa.selenium.remote.ProtocolHandshake.lambda$createSession$0(ProtocolHandshake.java:126)
	at java.util.stream.ReferencePipeline$3$1.accept(Unknown Source)
	at java.util.Spliterators$ArraySpliterator.tryAdvance(Unknown Source)
	at java.util.stream.ReferencePipeline.forEachWithCancel(Unknown Source)
	at java.util.stream.AbstractPipeline.copyIntoWithCancel(Unknown Source)
	at java.util.stream.AbstractPipeline.copyInto(Unknown Source)
	at java.util.stream.AbstractPipeline.wrapAndCopyInto(Unknown Source)
	at java.util.stream.FindOps$FindOp.evaluateSequential(Unknown Source)
	at java.util.stream.AbstractPipeline.evaluate(Unknown Source)
	at java.util.stream.ReferencePipeline.findFirst(Unknown Source)
	at org.openqa.selenium.remote.ProtocolHandshake.createSession(ProtocolHandshake.java:128)
	at org.openqa.selenium.remote.ProtocolHandshake.createSession(ProtocolHandshake.java:74)
	at org.openqa.selenium.remote.HttpCommandExecutor.execute(HttpCommandExecutor.java:136)
	at org.openqa.selenium.remote.service.DriverCommandExecutor.execute(DriverCommandExecutor.java:83)
	at org.openqa.selenium.remote.RemoteWebDriver.execute(RemoteWebDriver.java:552)
	at org.openqa.selenium.remote.RemoteWebDriver.startSession(RemoteWebDriver.java:213)
	at org.openqa.selenium.remote.RemoteWebDriver.<init>(RemoteWebDriver.java:131)
	at org.openqa.selenium.chrome.ChromeDriver.<init>(ChromeDriver.java:181)
	at org.openqa.selenium.chrome.ChromeDriver.<init>(ChromeDriver.java:168)
	at org.openqa.selenium.chrome.ChromeDriver.<init>(ChromeDriver.java:123)
	at Automation.php.Launch.launchPage(Launch.java:23)
	at Automation.php.Testcase1.userRegistration(Testcase1.java:13)
	at sun.reflect.NativeMethodAccessorImpl.invoke0(Native Method)
	at sun.reflect.NativeMethodAccessorImpl.invoke(Unknown Source)
	at sun.reflect.DelegatingMethodAccessorImpl.invoke(Unknown Source)
	at java.lang.reflect.Method.invoke(Unknown Source)
	at org.testng.internal.MethodInvocationHelper.invokeMethod(MethodInvocationHelper.java:100)
	at org.testng.internal.Invoker.invokeMethod(Invoker.java:646)
	at org.testng.internal.Invoker.invokeTestMethod(Invoker.java:811)
	at org.testng.internal.Invoker.invokeTestMethods(Invoker.java:1137)
	at org.testng.internal.TestMethodWorker.invokeTestMethods(TestMethodWorker.java:129)
	at org.testng.internal.TestMethodWorker.run(TestMethodWorker.java:112)
	at org.testng.TestRunner.privateRun(TestRunner.java:753)
	at org.testng.TestRunner.run(TestRunner.java:607)
	at org.testng.SuiteRunner.runTest(SuiteRunner.java:368)
	at org.testng.SuiteRunner.runSequentially(SuiteRunner.java:363)
	at org.testng.SuiteRunner.privateRun(SuiteRunner.java:321)
	at org.testng.SuiteRunner.run(SuiteRunner.java:270)
	at org.testng.SuiteRunnerWorker.runSuite(SuiteRunnerWorker.java:52)
	at org.testng.SuiteRunnerWorker.run(SuiteRunnerWorker.java:86)
	at org.testng.TestNG.runSuitesSequentially(TestNG.java:1284)
	at org.testng.TestNG.runSuitesLocally(TestNG.java:1209)
	at org.testng.TestNG.runSuites(TestNG.java:1124)
	at org.testng.TestNG.run(TestNG.java:1096)
	at org.testng.remote.AbstractRemoteTestNG.run(AbstractRemoteTestNG.java:132)
	at org.testng.remote.RemoteTestNG.initAndRun(RemoteTestNG.java:236)
	at org.testng.remote.RemoteTestNG.main(RemoteTestNG.java:81)
]]>
    </error>
  </testcase> <!-- userRegistration -->
</testsuite> <!-- Automation.php.Testcase1 -->
